<?xml version="1.0" encoding="UTF-8"?>
<!-- Generated by org.testng.reporters.JUnitXMLReporter -->
<testsuite ignored="0" hostname="DESKTOP-1SSOFLA" failures="0" tests="5" name="Test1" time="11.325" errors="0" timestamp="2024-01-30T11:34:26 IST">
  <testcase classname="Package.AppTest" name="testCase02" time="2.831"/>
  <testcase classname="Package.AppTest" name="testCase02" time="1.283"/>
  <testcase classname="Package.AppTest" name="testCase02" time="1.154"/>
  <testcase classname="Package.AppTest" name="testCase02" time="0.946"/>
  <testcase classname="Package.AppTest" name="testCase02" time="0.978"/>
</testsuite> <!-- Test1 -->
