<?xml version="1.0" encoding="UTF-8"?>
<testng-results ignored="0" total="1" passed="1" failed="0" skipped="0">
  <reporter-output>
  </reporter-output>
  <suite started-at="2024-01-30T14:06:42 IST" name="Default suite" finished-at="2024-01-30T14:06:45 IST" duration-ms="2850">
    <groups>
    </groups>
    <test started-at="2024-01-30T14:06:42 IST" name="Default test" finished-at="2024-01-30T14:06:45 IST" duration-ms="2850">
      <class name="Package.AppTest">
        <test-method is-config="true" signature="createDriver()[pri:0, instance:Package.AppTest@f5ac9e4]" started-at="2024-01-30T14:06:38 IST" name="createDriver" finished-at="2024-01-30T14:06:42 IST" duration-ms="3879" status="PASS">
          <reporter-output>
          </reporter-output>
        </test-method> <!-- createDriver -->
        <test-method signature="testCase02()[pri:0, instance:Package.AppTest@f5ac9e4]" started-at="2024-01-30T14:06:42 IST" name="testCase02" finished-at="2024-01-30T14:06:44 IST" duration-ms="2067" status="PASS">
          <reporter-output>
          </reporter-output>
        </test-method> <!-- testCase02 -->
        <test-method is-config="true" signature="quit()[pri:0, instance:Package.AppTest@f5ac9e4]" started-at="2024-01-30T14:06:44 IST" name="quit" finished-at="2024-01-30T14:06:45 IST" duration-ms="704" status="PASS">
          <reporter-output>
          </reporter-output>
        </test-method> <!-- quit -->
      </class> <!-- Package.AppTest -->
    </test> <!-- Default test -->
  </suite> <!-- Default suite -->
</testng-results>
